<?xml version="1.0" encoding="UTF-8"?>
<Site BuildName="(empty)"
	BuildStamp="20230809-0843-Experimental"
	Name="(empty)"
	Generator="ctest-3.16.3"
	CompilerName=""
	CompilerVersion=""
	OSName="Linux"
	Hostname="00fe8a3c0e29"
	OSRelease="5.19.0-50-generic"
	OSVersion="#50-Ubuntu SMP PREEMPT_DYNAMIC Mon Jul 10 18:24:29 UTC 2023"
	OSPlatform="x86_64"
	Is64Bits="1"
	VendorString="AuthenticAMD"
	VendorID="Advanced Micro Devices"
	FamilyID="23"
	ModelID="24"
	ProcessorCacheSize="512"
	NumberOfLogicalCPU="4"
	NumberOfPhysicalCPU="4"
	TotalVirtualMemory="2047"
	TotalPhysicalMemory="8932"
	LogicalProcessorsPerPhysical="1"
	ProcessorClockFrequency="3693.06"
	>
	<Testing>
		<StartDateTime>Aug 09 08:43 GMT</StartDateTime>
		<StartTestTime>1691570612</StartTestTime>
		<TestList/>
		<EndDateTime>Aug 09 08:43 GMT</EndDateTime>
		<EndTestTime>1691570612</EndTestTime>
		<ElapsedMinutes>0</ElapsedMinutes>
	</Testing>
</Site>
